<?xml version="1.0" encoding="UTF-8"?>
<!-- Generated by org.testng.reporters.JUnitReportReporter -->
<testsuite skipped="0" hostname="Tonimas-MacBook-Air.local" name="com.test.ExceptionTimeoutFeature" tests="1" failures="0" timestamp="28 Aug 2019 20:56:00 GMT" time="0.002" errors="0">
  <testcase name="test1" time="0.002" classname="com.test.ExceptionTimeoutFeature"/>
</testsuite> <!-- com.test.ExceptionTimeoutFeature -->
