<?xml version="1.0" encoding="UTF-8"?>
<!-- Generated by org.testng.reporters.JUnitReportReporter -->
<testsuite skipped="0" hostname="Tonimas-MacBook-Air.local" name="com.test.InvocationCountFeature" tests="3" failures="0" timestamp="28 Aug 2019 20:56:00 GMT" time="0.012" errors="0">
  <testcase name="sum" time="0.002" classname="com.test.InvocationCountFeature"/>
  <testcase name="sum" time="0.007" classname="com.test.InvocationCountFeature"/>
  <testcase name="sum" time="0.003" classname="com.test.InvocationCountFeature"/>
</testsuite> <!-- com.test.InvocationCountFeature -->
