<?xml version="1.0" encoding="UTF-8"?>
<!-- Generated by org.testng.reporters.JUnitReportReporter -->
<testsuite skipped="0" hostname="Tonimas-MacBook-Air.local" name="com.test.TestNgBasics" tests="3" failures="0" timestamp="28 Aug 2019 20:56:00 GMT" time="0.019" errors="0">
  <testcase name="searchTest" time="0.002" classname="com.test.TestNgBasics"/>
  <testcase name="googleLogoTest" time="0.005" classname="com.test.TestNgBasics"/>
  <testcase name="googleTitleTest" time="0.012" classname="com.test.TestNgBasics"/>
</testsuite> <!-- com.test.TestNgBasics -->
