<?xml version="1.0" encoding="UTF-8"?>
<!-- Generated by org.testng.reporters.JUnitReportReporter -->
<testsuite name="com.test.FacebookTest" tests="2" time="28.025" ignored="0" failures="0" timestamp="23 Sep 2019 20:20:02 GMT" skipped="0" hostname="Tonimas-MacBook-Air.local" errors="0">
  <testcase name="Login" time="13.008" classname="com.test.FacebookTest"/>
  <testcase name="Login" time="15.017" classname="com.test.FacebookTest"/>
</testsuite> <!-- com.test.FacebookTest -->
